                                 Started job on |	Jun 08 13:59:55
                             Started mapping on |	Jun 08 14:00:02
                                    Finished on |	Jun 08 14:00:10
       Mapping speed, Million of reads per hour |	13.50

                          Number of input reads |	30000
                      Average input read length |	300
                                    UNIQUE READS:
                   Uniquely mapped reads number |	28688
                        Uniquely mapped reads % |	95.63%
                          Average mapped length |	297.76
                       Number of splices: Total |	18531
            Number of splices: Annotated (sjdb) |	18529
                       Number of splices: GT/AG |	18530
                       Number of splices: GC/AG |	0
                       Number of splices: AT/AC |	0
               Number of splices: Non-canonical |	1
                      Mismatch rate per base, % |	2.26%
                         Deletion rate per base |	0.00%
                        Deletion average length |	1.00
                        Insertion rate per base |	0.00%
                       Insertion average length |	2.83
                             MULTI-MAPPING READS:
        Number of reads mapped to multiple loci |	52
             % of reads mapped to multiple loci |	0.17%
        Number of reads mapped to too many loci |	0
             % of reads mapped to too many loci |	0.00%
                                  UNMAPPED READS:
  Number of reads unmapped: too many mismatches |	1055
       % of reads unmapped: too many mismatches |	3.52%
            Number of reads unmapped: too short |	205
                 % of reads unmapped: too short |	0.68%
                Number of reads unmapped: other |	0
                     % of reads unmapped: other |	0.00%
                                  CHIMERIC READS:
                       Number of chimeric reads |	0
                            % of chimeric reads |	0.00%
