                                 Started job on |	Jun 08 13:51:29
                             Started mapping on |	Jun 08 13:51:36
                                    Finished on |	Jun 08 13:51:40
       Mapping speed, Million of reads per hour |	10.91

                          Number of input reads |	12120
                      Average input read length |	300
                                    UNIQUE READS:
                   Uniquely mapped reads number |	11550
                        Uniquely mapped reads % |	95.30%
                          Average mapped length |	297.47
                       Number of splices: Total |	5743
            Number of splices: Annotated (sjdb) |	5741
                       Number of splices: GT/AG |	5741
                       Number of splices: GC/AG |	0
                       Number of splices: AT/AC |	0
               Number of splices: Non-canonical |	2
                      Mismatch rate per base, % |	2.28%
                         Deletion rate per base |	0.00%
                        Deletion average length |	1.00
                        Insertion rate per base |	0.00%
                       Insertion average length |	1.00
                             MULTI-MAPPING READS:
        Number of reads mapped to multiple loci |	20
             % of reads mapped to multiple loci |	0.17%
        Number of reads mapped to too many loci |	0
             % of reads mapped to too many loci |	0.00%
                                  UNMAPPED READS:
  Number of reads unmapped: too many mismatches |	421
       % of reads unmapped: too many mismatches |	3.47%
            Number of reads unmapped: too short |	129
                 % of reads unmapped: too short |	1.06%
                Number of reads unmapped: other |	0
                     % of reads unmapped: other |	0.00%
                                  CHIMERIC READS:
                       Number of chimeric reads |	0
                            % of chimeric reads |	0.00%
