                                 Started job on |	Jun 08 13:48:38
                             Started mapping on |	Jun 08 13:49:52
                                    Finished on |	Jun 08 13:50:03
       Mapping speed, Million of reads per hour |	9.82

                          Number of input reads |	30000
                      Average input read length |	300
                                    UNIQUE READS:
                   Uniquely mapped reads number |	28518
                        Uniquely mapped reads % |	95.06%
                          Average mapped length |	297.55
                       Number of splices: Total |	14328
            Number of splices: Annotated (sjdb) |	14324
                       Number of splices: GT/AG |	14325
                       Number of splices: GC/AG |	0
                       Number of splices: AT/AC |	0
               Number of splices: Non-canonical |	3
                      Mismatch rate per base, % |	2.26%
                         Deletion rate per base |	0.00%
                        Deletion average length |	1.00
                        Insertion rate per base |	0.00%
                       Insertion average length |	1.00
                             MULTI-MAPPING READS:
        Number of reads mapped to multiple loci |	44
             % of reads mapped to multiple loci |	0.15%
        Number of reads mapped to too many loci |	0
             % of reads mapped to too many loci |	0.00%
                                  UNMAPPED READS:
  Number of reads unmapped: too many mismatches |	1089
       % of reads unmapped: too many mismatches |	3.63%
            Number of reads unmapped: too short |	349
                 % of reads unmapped: too short |	1.16%
                Number of reads unmapped: other |	0
                     % of reads unmapped: other |	0.00%
                                  CHIMERIC READS:
                       Number of chimeric reads |	531
                            % of chimeric reads |	1.77%
