                                 Started job on |	Jun 08 13:55:23
                             Started mapping on |	Jun 08 13:56:30
                                    Finished on |	Jun 08 13:56:32
       Mapping speed, Million of reads per hour |	5.47

                          Number of input reads |	3040
                      Average input read length |	300
                                    UNIQUE READS:
                   Uniquely mapped reads number |	2895
                        Uniquely mapped reads % |	95.23%
                          Average mapped length |	297.31
                       Number of splices: Total |	1402
            Number of splices: Annotated (sjdb) |	1402
                       Number of splices: GT/AG |	1402
                       Number of splices: GC/AG |	0
                       Number of splices: AT/AC |	0
               Number of splices: Non-canonical |	0
                      Mismatch rate per base, % |	2.28%
                         Deletion rate per base |	0.00%
                        Deletion average length |	1.00
                        Insertion rate per base |	0.00%
                       Insertion average length |	0.00
                             MULTI-MAPPING READS:
        Number of reads mapped to multiple loci |	5
             % of reads mapped to multiple loci |	0.16%
        Number of reads mapped to too many loci |	0
             % of reads mapped to too many loci |	0.00%
                                  UNMAPPED READS:
  Number of reads unmapped: too many mismatches |	110
       % of reads unmapped: too many mismatches |	3.62%
            Number of reads unmapped: too short |	30
                 % of reads unmapped: too short |	0.99%
                Number of reads unmapped: other |	0
                     % of reads unmapped: other |	0.00%
                                  CHIMERIC READS:
                       Number of chimeric reads |	48
                            % of chimeric reads |	1.58%
