                                 Started job on |	Jun 08 09:56:29
                             Started mapping on |	Jun 08 09:57:37
                                    Finished on |	Jun 08 09:57:39
       Mapping speed, Million of reads per hour |	5.47

                          Number of input reads |	3040
                      Average input read length |	300
                                    UNIQUE READS:
                   Uniquely mapped reads number |	2930
                        Uniquely mapped reads % |	96.38%
                          Average mapped length |	297.86
                       Number of splices: Total |	2102
            Number of splices: Annotated (sjdb) |	2102
                       Number of splices: GT/AG |	2102
                       Number of splices: GC/AG |	0
                       Number of splices: AT/AC |	0
               Number of splices: Non-canonical |	0
                      Mismatch rate per base, % |	2.25%
                         Deletion rate per base |	0.00%
                        Deletion average length |	0.00
                        Insertion rate per base |	0.00%
                       Insertion average length |	1.00
                             MULTI-MAPPING READS:
        Number of reads mapped to multiple loci |	3
             % of reads mapped to multiple loci |	0.10%
        Number of reads mapped to too many loci |	0
             % of reads mapped to too many loci |	0.00%
                                  UNMAPPED READS:
  Number of reads unmapped: too many mismatches |	96
       % of reads unmapped: too many mismatches |	3.16%
            Number of reads unmapped: too short |	11
                 % of reads unmapped: too short |	0.36%
                Number of reads unmapped: other |	0
                     % of reads unmapped: other |	0.00%
                                  CHIMERIC READS:
                       Number of chimeric reads |	16
                            % of chimeric reads |	0.53%
