                                 Started job on |	Jun 08 14:02:46
                             Started mapping on |	Jun 08 14:02:53
                                    Finished on |	Jun 08 14:02:57
       Mapping speed, Million of reads per hour |	10.91

                          Number of input reads |	12120
                      Average input read length |	300
                                    UNIQUE READS:
                   Uniquely mapped reads number |	11583
                        Uniquely mapped reads % |	95.57%
                          Average mapped length |	297.63
                       Number of splices: Total |	7376
            Number of splices: Annotated (sjdb) |	7375
                       Number of splices: GT/AG |	7376
                       Number of splices: GC/AG |	0
                       Number of splices: AT/AC |	0
               Number of splices: Non-canonical |	0
                      Mismatch rate per base, % |	2.26%
                         Deletion rate per base |	0.00%
                        Deletion average length |	1.00
                        Insertion rate per base |	0.00%
                       Insertion average length |	3.00
                             MULTI-MAPPING READS:
        Number of reads mapped to multiple loci |	23
             % of reads mapped to multiple loci |	0.19%
        Number of reads mapped to too many loci |	0
             % of reads mapped to too many loci |	0.00%
                                  UNMAPPED READS:
  Number of reads unmapped: too many mismatches |	427
       % of reads unmapped: too many mismatches |	3.52%
            Number of reads unmapped: too short |	87
                 % of reads unmapped: too short |	0.72%
                Number of reads unmapped: other |	0
                     % of reads unmapped: other |	0.00%
                                  CHIMERIC READS:
                       Number of chimeric reads |	0
                            % of chimeric reads |	0.00%
