                                 Started job on |	Jun 08 14:04:06
                             Started mapping on |	Jun 08 14:04:13
                                    Finished on |	Jun 08 14:04:16
       Mapping speed, Million of reads per hour |	10.96

                          Number of input reads |	9137
                      Average input read length |	300
                                    UNIQUE READS:
                   Uniquely mapped reads number |	8723
                        Uniquely mapped reads % |	95.47%
                          Average mapped length |	297.60
                       Number of splices: Total |	5451
            Number of splices: Annotated (sjdb) |	5450
                       Number of splices: GT/AG |	5451
                       Number of splices: GC/AG |	0
                       Number of splices: AT/AC |	0
               Number of splices: Non-canonical |	0
                      Mismatch rate per base, % |	2.27%
                         Deletion rate per base |	0.00%
                        Deletion average length |	1.00
                        Insertion rate per base |	0.00%
                       Insertion average length |	3.00
                             MULTI-MAPPING READS:
        Number of reads mapped to multiple loci |	18
             % of reads mapped to multiple loci |	0.20%
        Number of reads mapped to too many loci |	0
             % of reads mapped to too many loci |	0.00%
                                  UNMAPPED READS:
  Number of reads unmapped: too many mismatches |	333
       % of reads unmapped: too many mismatches |	3.64%
            Number of reads unmapped: too short |	63
                 % of reads unmapped: too short |	0.69%
                Number of reads unmapped: other |	0
                     % of reads unmapped: other |	0.00%
                                  CHIMERIC READS:
                       Number of chimeric reads |	0
                            % of chimeric reads |	0.00%
