                                 Started job on |	Jun 08 13:52:48
                             Started mapping on |	Jun 08 13:53:58
                                    Finished on |	Jun 08 13:54:02
       Mapping speed, Million of reads per hour |	8.22

                          Number of input reads |	9137
                      Average input read length |	300
                                    UNIQUE READS:
                   Uniquely mapped reads number |	8709
                        Uniquely mapped reads % |	95.32%
                          Average mapped length |	297.47
                       Number of splices: Total |	4309
            Number of splices: Annotated (sjdb) |	4308
                       Number of splices: GT/AG |	4308
                       Number of splices: GC/AG |	0
                       Number of splices: AT/AC |	0
               Number of splices: Non-canonical |	1
                      Mismatch rate per base, % |	2.28%
                         Deletion rate per base |	0.00%
                        Deletion average length |	1.00
                        Insertion rate per base |	0.00%
                       Insertion average length |	1.00
                             MULTI-MAPPING READS:
        Number of reads mapped to multiple loci |	17
             % of reads mapped to multiple loci |	0.19%
        Number of reads mapped to too many loci |	0
             % of reads mapped to too many loci |	0.00%
                                  UNMAPPED READS:
  Number of reads unmapped: too many mismatches |	314
       % of reads unmapped: too many mismatches |	3.44%
            Number of reads unmapped: too short |	97
                 % of reads unmapped: too short |	1.06%
                Number of reads unmapped: other |	0
                     % of reads unmapped: other |	0.00%
                                  CHIMERIC READS:
                       Number of chimeric reads |	140
                            % of chimeric reads |	1.53%
