                                 Started job on |	Jun 08 13:54:07
                             Started mapping on |	Jun 08 13:55:15
                                    Finished on |	Jun 08 13:55:18
       Mapping speed, Million of reads per hour |	7.34

                          Number of input reads |	6113
                      Average input read length |	300
                                    UNIQUE READS:
                   Uniquely mapped reads number |	5827
                        Uniquely mapped reads % |	95.32%
                          Average mapped length |	297.51
                       Number of splices: Total |	2846
            Number of splices: Annotated (sjdb) |	2846
                       Number of splices: GT/AG |	2846
                       Number of splices: GC/AG |	0
                       Number of splices: AT/AC |	0
               Number of splices: Non-canonical |	0
                      Mismatch rate per base, % |	2.28%
                         Deletion rate per base |	0.00%
                        Deletion average length |	1.00
                        Insertion rate per base |	0.00%
                       Insertion average length |	1.00
                             MULTI-MAPPING READS:
        Number of reads mapped to multiple loci |	12
             % of reads mapped to multiple loci |	0.20%
        Number of reads mapped to too many loci |	0
             % of reads mapped to too many loci |	0.00%
                                  UNMAPPED READS:
  Number of reads unmapped: too many mismatches |	211
       % of reads unmapped: too many mismatches |	3.45%
            Number of reads unmapped: too short |	63
                 % of reads unmapped: too short |	1.03%
                Number of reads unmapped: other |	0
                     % of reads unmapped: other |	0.00%
                                  CHIMERIC READS:
                       Number of chimeric reads |	95
                            % of chimeric reads |	1.55%
