                                 Started job on |	Jun 08 14:06:39
                             Started mapping on |	Jun 08 14:06:47
                                    Finished on |	Jun 08 14:06:48
       Mapping speed, Million of reads per hour |	10.94

                          Number of input reads |	3040
                      Average input read length |	300
                                    UNIQUE READS:
                   Uniquely mapped reads number |	2901
                        Uniquely mapped reads % |	95.43%
                          Average mapped length |	297.75
                       Number of splices: Total |	1767
            Number of splices: Annotated (sjdb) |	1767
                       Number of splices: GT/AG |	1767
                       Number of splices: GC/AG |	0
                       Number of splices: AT/AC |	0
               Number of splices: Non-canonical |	0
                      Mismatch rate per base, % |	2.25%
                         Deletion rate per base |	0.00%
                        Deletion average length |	0.00
                        Insertion rate per base |	0.00%
                       Insertion average length |	9.00
                             MULTI-MAPPING READS:
        Number of reads mapped to multiple loci |	4
             % of reads mapped to multiple loci |	0.13%
        Number of reads mapped to too many loci |	0
             % of reads mapped to too many loci |	0.00%
                                  UNMAPPED READS:
  Number of reads unmapped: too many mismatches |	110
       % of reads unmapped: too many mismatches |	3.62%
            Number of reads unmapped: too short |	25
                 % of reads unmapped: too short |	0.82%
                Number of reads unmapped: other |	0
                     % of reads unmapped: other |	0.00%
                                  CHIMERIC READS:
                       Number of chimeric reads |	0
                            % of chimeric reads |	0.00%
