                                 Started job on |	Jun 08 09:51:14
                             Started mapping on |	Jun 08 09:51:22
                                    Finished on |	Jun 08 09:51:26
       Mapping speed, Million of reads per hour |	13.69

                          Number of input reads |	15208
                      Average input read length |	300
                                    UNIQUE READS:
                   Uniquely mapped reads number |	14631
                        Uniquely mapped reads % |	96.21%
                          Average mapped length |	297.87
                       Number of splices: Total |	10590
            Number of splices: Annotated (sjdb) |	10590
                       Number of splices: GT/AG |	10590
                       Number of splices: GC/AG |	0
                       Number of splices: AT/AC |	0
               Number of splices: Non-canonical |	0
                      Mismatch rate per base, % |	2.25%
                         Deletion rate per base |	0.00%
                        Deletion average length |	1.00
                        Insertion rate per base |	0.00%
                       Insertion average length |	1.00
                             MULTI-MAPPING READS:
        Number of reads mapped to multiple loci |	27
             % of reads mapped to multiple loci |	0.18%
        Number of reads mapped to too many loci |	0
             % of reads mapped to too many loci |	0.00%
                                  UNMAPPED READS:
  Number of reads unmapped: too many mismatches |	499
       % of reads unmapped: too many mismatches |	3.28%
            Number of reads unmapped: too short |	51
                 % of reads unmapped: too short |	0.34%
                Number of reads unmapped: other |	0
                     % of reads unmapped: other |	0.00%
                                  CHIMERIC READS:
                       Number of chimeric reads |	0
                            % of chimeric reads |	0.00%
