                                 Started job on |	Jun 08 09:53:54
                             Started mapping on |	Jun 08 09:55:04
                                    Finished on |	Jun 08 09:55:08
       Mapping speed, Million of reads per hour |	8.22

                          Number of input reads |	9137
                      Average input read length |	300
                                    UNIQUE READS:
                   Uniquely mapped reads number |	8778
                        Uniquely mapped reads % |	96.07%
                          Average mapped length |	297.95
                       Number of splices: Total |	6365
            Number of splices: Annotated (sjdb) |	6365
                       Number of splices: GT/AG |	6365
                       Number of splices: GC/AG |	0
                       Number of splices: AT/AC |	0
               Number of splices: Non-canonical |	0
                      Mismatch rate per base, % |	2.25%
                         Deletion rate per base |	0.00%
                        Deletion average length |	1.00
                        Insertion rate per base |	0.00%
                       Insertion average length |	1.00
                             MULTI-MAPPING READS:
        Number of reads mapped to multiple loci |	18
             % of reads mapped to multiple loci |	0.20%
        Number of reads mapped to too many loci |	0
             % of reads mapped to too many loci |	0.00%
                                  UNMAPPED READS:
  Number of reads unmapped: too many mismatches |	311
       % of reads unmapped: too many mismatches |	3.40%
            Number of reads unmapped: too short |	30
                 % of reads unmapped: too short |	0.33%
                Number of reads unmapped: other |	0
                     % of reads unmapped: other |	0.00%
                                  CHIMERIC READS:
                       Number of chimeric reads |	44
                            % of chimeric reads |	0.48%
