                                 Started job on |	Jun 08 09:43:22
                             Started mapping on |	Jun 08 09:44:36
                                    Finished on |	Jun 08 09:44:46
       Mapping speed, Million of reads per hour |	10.80

                          Number of input reads |	30000
                      Average input read length |	300
                                    UNIQUE READS:
                   Uniquely mapped reads number |	28848
                        Uniquely mapped reads % |	96.16%
                          Average mapped length |	297.87
                       Number of splices: Total |	20556
            Number of splices: Annotated (sjdb) |	20556
                       Number of splices: GT/AG |	20556
                       Number of splices: GC/AG |	0
                       Number of splices: AT/AC |	0
               Number of splices: Non-canonical |	0
                      Mismatch rate per base, % |	2.25%
                         Deletion rate per base |	0.00%
                        Deletion average length |	1.00
                        Insertion rate per base |	0.00%
                       Insertion average length |	1.50
                             MULTI-MAPPING READS:
        Number of reads mapped to multiple loci |	47
             % of reads mapped to multiple loci |	0.16%
        Number of reads mapped to too many loci |	0
             % of reads mapped to too many loci |	0.00%
                                  UNMAPPED READS:
  Number of reads unmapped: too many mismatches |	992
       % of reads unmapped: too many mismatches |	3.31%
            Number of reads unmapped: too short |	113
                 % of reads unmapped: too short |	0.38%
                Number of reads unmapped: other |	0
                     % of reads unmapped: other |	0.00%
                                  CHIMERIC READS:
                       Number of chimeric reads |	155
                            % of chimeric reads |	0.52%
