                                 Started job on |	Jun 08 14:01:24
                             Started mapping on |	Jun 08 14:02:35
                                    Finished on |	Jun 08 14:02:41
       Mapping speed, Million of reads per hour |	9.12

                          Number of input reads |	15208
                      Average input read length |	300
                                    UNIQUE READS:
                   Uniquely mapped reads number |	14537
                        Uniquely mapped reads % |	95.59%
                          Average mapped length |	297.69
                       Number of splices: Total |	9267
            Number of splices: Annotated (sjdb) |	9265
                       Number of splices: GT/AG |	9266
                       Number of splices: GC/AG |	0
                       Number of splices: AT/AC |	0
               Number of splices: Non-canonical |	1
                      Mismatch rate per base, % |	2.26%
                         Deletion rate per base |	0.00%
                        Deletion average length |	1.00
                        Insertion rate per base |	0.00%
                       Insertion average length |	3.00
                             MULTI-MAPPING READS:
        Number of reads mapped to multiple loci |	26
             % of reads mapped to multiple loci |	0.17%
        Number of reads mapped to too many loci |	0
             % of reads mapped to too many loci |	0.00%
                                  UNMAPPED READS:
  Number of reads unmapped: too many mismatches |	539
       % of reads unmapped: too many mismatches |	3.54%
            Number of reads unmapped: too short |	106
                 % of reads unmapped: too short |	0.70%
                Number of reads unmapped: other |	0
                     % of reads unmapped: other |	0.00%
                                  CHIMERIC READS:
                       Number of chimeric reads |	133
                            % of chimeric reads |	0.87%
