                                 Started job on |	Jun 08 09:55:13
                             Started mapping on |	Jun 08 09:56:21
                                    Finished on |	Jun 08 09:56:24
       Mapping speed, Million of reads per hour |	7.34

                          Number of input reads |	6113
                      Average input read length |	300
                                    UNIQUE READS:
                   Uniquely mapped reads number |	5859
                        Uniquely mapped reads % |	95.84%
                          Average mapped length |	297.92
                       Number of splices: Total |	4180
            Number of splices: Annotated (sjdb) |	4180
                       Number of splices: GT/AG |	4180
                       Number of splices: GC/AG |	0
                       Number of splices: AT/AC |	0
               Number of splices: Non-canonical |	0
                      Mismatch rate per base, % |	2.25%
                         Deletion rate per base |	0.00%
                        Deletion average length |	1.00
                        Insertion rate per base |	0.00%
                       Insertion average length |	1.00
                             MULTI-MAPPING READS:
        Number of reads mapped to multiple loci |	11
             % of reads mapped to multiple loci |	0.18%
        Number of reads mapped to too many loci |	0
             % of reads mapped to too many loci |	0.00%
                                  UNMAPPED READS:
  Number of reads unmapped: too many mismatches |	219
       % of reads unmapped: too many mismatches |	3.58%
            Number of reads unmapped: too short |	24
                 % of reads unmapped: too short |	0.39%
                Number of reads unmapped: other |	0
                     % of reads unmapped: other |	0.00%
                                  CHIMERIC READS:
                       Number of chimeric reads |	30
                            % of chimeric reads |	0.49%
