                                 Started job on |	Jun 08 09:52:35
                             Started mapping on |	Jun 08 09:53:45
                                    Finished on |	Jun 08 09:53:49
       Mapping speed, Million of reads per hour |	10.91

                          Number of input reads |	12120
                      Average input read length |	300
                                    UNIQUE READS:
                   Uniquely mapped reads number |	11653
                        Uniquely mapped reads % |	96.15%
                          Average mapped length |	297.89
                       Number of splices: Total |	8428
            Number of splices: Annotated (sjdb) |	8428
                       Number of splices: GT/AG |	8428
                       Number of splices: GC/AG |	0
                       Number of splices: AT/AC |	0
               Number of splices: Non-canonical |	0
                      Mismatch rate per base, % |	2.25%
                         Deletion rate per base |	0.00%
                        Deletion average length |	1.00
                        Insertion rate per base |	0.00%
                       Insertion average length |	1.00
                             MULTI-MAPPING READS:
        Number of reads mapped to multiple loci |	23
             % of reads mapped to multiple loci |	0.19%
        Number of reads mapped to too many loci |	0
             % of reads mapped to too many loci |	0.00%
                                  UNMAPPED READS:
  Number of reads unmapped: too many mismatches |	404
       % of reads unmapped: too many mismatches |	3.33%
            Number of reads unmapped: too short |	40
                 % of reads unmapped: too short |	0.33%
                Number of reads unmapped: other |	0
                     % of reads unmapped: other |	0.00%
                                  CHIMERIC READS:
                       Number of chimeric reads |	56
                            % of chimeric reads |	0.46%
