                                 Started job on |	Jun 08 14:05:23
                             Started mapping on |	Jun 08 14:05:31
                                    Finished on |	Jun 08 14:05:33
       Mapping speed, Million of reads per hour |	11.00

                          Number of input reads |	6113
                      Average input read length |	300
                                    UNIQUE READS:
                   Uniquely mapped reads number |	5845
                        Uniquely mapped reads % |	95.62%
                          Average mapped length |	297.54
                       Number of splices: Total |	3576
            Number of splices: Annotated (sjdb) |	3576
                       Number of splices: GT/AG |	3576
                       Number of splices: GC/AG |	0
                       Number of splices: AT/AC |	0
               Number of splices: Non-canonical |	0
                      Mismatch rate per base, % |	2.27%
                         Deletion rate per base |	0.00%
                        Deletion average length |	1.00
                        Insertion rate per base |	0.00%
                       Insertion average length |	3.00
                             MULTI-MAPPING READS:
        Number of reads mapped to multiple loci |	11
             % of reads mapped to multiple loci |	0.18%
        Number of reads mapped to too many loci |	0
             % of reads mapped to too many loci |	0.00%
                                  UNMAPPED READS:
  Number of reads unmapped: too many mismatches |	217
       % of reads unmapped: too many mismatches |	3.55%
            Number of reads unmapped: too short |	40
                 % of reads unmapped: too short |	0.65%
                Number of reads unmapped: other |	0
                     % of reads unmapped: other |	0.00%
                                  CHIMERIC READS:
                       Number of chimeric reads |	0
                            % of chimeric reads |	0.00%
